This file contains any messages produced by compilers while
running configure, to aid debugging if configure makes a mistake.

It was created by GD configure 2.0.34, which was
generated by GNU Autoconf 2.61.  Invocation command line was

  $ ./configure 

## --------- ##
## Platform. ##
## --------- ##

hostname = hansel
uname -m = PowerPC
uname -r = 3.0.1
uname -s = LynxOS
uname -v = 110298-G

/usr/bin/uname -p = unknown
/bin/uname -X     = unknown

/bin/arch              = unknown
/usr/bin/arch -k       = unknown
/usr/convex/getsysinfo = unknown
/usr/bin/hostinfo      = unknown
/bin/machine           = unknown
/usr/bin/oslevel       = unknown
/bin/universe          = unknown

PATH: /usr/bin
PATH: /bin
PATH: /usr/sbin
PATH: /sbin
PATH: /usr/local/ssh/bin
PATH: .
PATH: /usr/lib/X11
PATH: /usr/local/bin
PATH: /usr/bin/X11
PATH: /usr/local/bin/X11
PATH: /home/user/kelby/bin
PATH: /usr/local/ssh/bin
PATH: /usr/local/ssh/libexec


## ----------- ##
## Core tests. ##
## ----------- ##

configure:2006: checking build system type
configure:2024: result: powerpc-unknown-lynxos
configure:2046: checking host system type
configure:2061: result: powerpc-unknown-lynxos
configure:2083: checking target system type
configure:2098: result: powerpc-unknown-lynxos
configure:2156: checking for a BSD-compatible install
configure:2212: result: /bin/install -c
configure:2223: checking whether build environment is sane
configure:2266: result: yes
configure:2331: checking for gawk
configure:2347: found /bin/gawk
configure:2358: result: gawk
configure:2369: checking whether make sets $(MAKE)
configure:2390: result: yes
configure:2577: checking if we are building a Cygwin target
configure:2587: result: no
configure:2639: checking for gcc
configure:2655: found /usr/bin/gcc
configure:2666: result: gcc
configure:2904: checking for C compiler version
configure:2911: gcc --version >&5
2.7-97r1
configure:2914: $? = 0
configure:2921: gcc -v >&5
Reading specs from /usr/lib/gcc-lib/ppc-xcoff-lynxos/2.7-97r1/specs
gcc version 2.7-97r1
configure:2924: $? = 0
configure:2931: gcc -V >&5
gcc: argument to `-V' is missing
configure:2934: $? = 1
configure:2957: checking for C compiler default output file name
configure:2984: gcc    conftest.c  >&5
configure:2987: $? = 0
configure:3025: result: a.out
configure:3042: checking whether the C compiler works
configure:3052: ./a.out
configure:3055: $? = 0
configure:3072: result: yes
configure:3079: checking whether we are cross compiling
configure:3081: result: no
configure:3084: checking for suffix of executables
configure:3091: gcc -o conftest    conftest.c  >&5
configure:3094: $? = 0
configure:3118: result: 
configure:3124: checking for suffix of object files
configure:3150: gcc -c   conftest.c >&5
configure:3153: $? = 0
configure:3176: result: o
configure:3180: checking whether we are using the GNU C compiler
configure:3209: gcc -c   conftest.c >&5
configure:3215: $? = 0
configure:3232: result: yes
configure:3237: checking whether gcc accepts -g
configure:3267: gcc -c -g  conftest.c >&5
configure:3273: $? = 0
configure:3372: result: yes
configure:3389: checking for gcc option to accept ISO C89
configure:3463: gcc  -c -g -O2  conftest.c >&5
configure:3469: $? = 0
configure:3492: result: none needed
configure:3521: checking for style of include used by make
configure:3549: result: GNU
configure:3577: checking dependency style of gcc
configure:3667: result: gcc
configure:3732: checking for gcc
configure:3759: result: gcc
configure:3997: checking for C compiler version
configure:4004: gcc --version >&5
2.7-97r1
configure:4007: $? = 0
configure:4014: gcc -v >&5
Reading specs from /usr/lib/gcc-lib/ppc-xcoff-lynxos/2.7-97r1/specs
gcc version 2.7-97r1
configure:4017: $? = 0
configure:4024: gcc -V >&5
gcc: argument to `-V' is missing
configure:4027: $? = 1
configure:4030: checking whether we are using the GNU C compiler
configure:4082: result: yes
configure:4087: checking whether gcc accepts -g
configure:4222: result: yes
configure:4239: checking for gcc option to accept ISO C89
configure:4342: result: none needed
configure:4362: checking dependency style of gcc
configure:4452: result: gcc
configure:4485: checking for a BSD-compatible install
configure:4541: result: /bin/install -c
configure:4624: checking for a sed that does not truncate output
configure:4678: result: /bin/sed
configure:4681: checking for grep that handles long lines and -e
configure:4744: error: no acceptable grep could be found in /usr/bin:/bin:/usr/sbin:/sbin:/usr/local/ssh/bin:.:/usr/lib/X11:/usr/local/bin:/usr/bin/X11:/usr/local/bin/X11:/home/user/kelby/bin:/usr/local/ssh/bin:/usr/local/ssh/libexec:/usr/xpg4/bin

## ---------------- ##
## Cache variables. ##
## ---------------- ##

ac_cv_build=powerpc-unknown-lynxos
ac_cv_c_compiler_gnu=yes
ac_cv_env_CCC_set=
ac_cv_env_CCC_value=
ac_cv_env_CC_set=
ac_cv_env_CC_value=
ac_cv_env_CFLAGS_set=
ac_cv_env_CFLAGS_value=
ac_cv_env_CPPFLAGS_set=
ac_cv_env_CPPFLAGS_value=
ac_cv_env_CPP_set=
ac_cv_env_CPP_value=
ac_cv_env_CXXCPP_set=
ac_cv_env_CXXCPP_value=
ac_cv_env_CXXFLAGS_set=
ac_cv_env_CXXFLAGS_value=
ac_cv_env_CXX_set=
ac_cv_env_CXX_value=
ac_cv_env_F77_set=
ac_cv_env_F77_value=
ac_cv_env_FFLAGS_set=
ac_cv_env_FFLAGS_value=
ac_cv_env_LDFLAGS_set=
ac_cv_env_LDFLAGS_value=
ac_cv_env_LIBS_set=
ac_cv_env_LIBS_value=
ac_cv_env_XMKMF_set=
ac_cv_env_XMKMF_value=
ac_cv_env_build_alias_set=
ac_cv_env_build_alias_value=
ac_cv_env_host_alias_set=
ac_cv_env_host_alias_value=
ac_cv_env_target_alias_set=
ac_cv_env_target_alias_value=
ac_cv_host=powerpc-unknown-lynxos
ac_cv_objext=o
ac_cv_path_install='/bin/install -c'
ac_cv_prog_AWK=gawk
ac_cv_prog_ac_ct_CC=gcc
ac_cv_prog_cc_c89=
ac_cv_prog_cc_g=yes
ac_cv_prog_make_make_set=yes
ac_cv_target=powerpc-unknown-lynxos
am_cv_CC_dependencies_compiler_type=gcc
am_cv_prog_cc_stdc=
lt_cv_path_SED=/bin/sed

## ----------------- ##
## Output variables. ##
## ----------------- ##

ACLOCAL='${SHELL} /home/user/kelby/GD/gd-2.0.35/config/missing --run aclocal-1.9'
AMDEPBACKSLASH='\'
AMDEP_FALSE='#'
AMDEP_TRUE=''
AMTAR='${SHELL} /home/user/kelby/GD/gd-2.0.35/config/missing --run tar'
AR=''
AUTOCONF='${SHELL} /home/user/kelby/GD/gd-2.0.35/config/missing --run autoconf'
AUTOHEADER='${SHELL} /home/user/kelby/GD/gd-2.0.35/config/missing --run autoheader'
AUTOMAKE='${SHELL} /home/user/kelby/GD/gd-2.0.35/config/missing --run automake-1.9'
AWK='gawk'
CC='gcc'
CCDEPMODE='depmode=gcc'
CFLAGS='-g -O2'
CPP=''
CPPFLAGS=''
CXX=''
CXXCPP=''
CXXDEPMODE=''
CXXFLAGS=''
CYGPATH_W='echo'
DEFS=''
DEPDIR='.deps'
ECHO='echo'
ECHO_C=''
ECHO_N='-n'
ECHO_T=''
EGREP=''
EXEEXT=''
F77=''
FEATURES='GD_GIF GD_GIFANIM GD_OPENPOLYGON'
FFLAGS=''
FREETYPE_CONFIG=''
GDLIBNAME='gd'
GDLIB_MAJOR='2'
GDLIB_MINOR='0'
GDLIB_REVISION='34'
GREP=''
INSTALL_DATA='${INSTALL} -m 644'
INSTALL_PROGRAM='${INSTALL}'
INSTALL_SCRIPT='${INSTALL}'
INSTALL_STRIP_PROGRAM='${SHELL} $(install_sh) -c -s'
LDFLAGS=''
LIBICONV=''
LIBOBJS=''
LIBPNG12_CONFIG=''
LIBPNG_CONFIG=''
LIBS=''
LIBTOOL=''
LN_S=''
LTLIBICONV=''
LTLIBOBJS=''
MAKEINFO='${SHELL} /home/user/kelby/GD/gd-2.0.35/config/missing --run makeinfo'
OBJEXT='o'
PACKAGE='gd'
PACKAGE_BUGREPORT='http://bugs.libgd.org'
PACKAGE_NAME='GD'
PACKAGE_STRING='GD 2.0.34'
PACKAGE_TARNAME='gd'
PACKAGE_VERSION='2.0.34'
PATH_SEPARATOR=':'
PTHREAD_CC=''
PTHREAD_CFLAGS=''
PTHREAD_LIBS=''
RANLIB=''
SET_MAKE=''
SHELL='/bin/sh'
STRIP=''
VERSION='2.0.34'
XMKMF=''
XTRA_LDFLAGS=''
ac_ct_CC='gcc'
ac_ct_CXX=''
ac_ct_F77=''
acx_pthread_config=''
am__fastdepCC_FALSE=''
am__fastdepCC_TRUE='#'
am__fastdepCXX_FALSE=''
am__fastdepCXX_TRUE=''
am__include='include'
am__leading_dot='.'
am__quote=''
am__tar='${AMTAR} chof - "$$tardir"'
am__untar='${AMTAR} xf -'
bindir='${exec_prefix}/bin'
build='powerpc-unknown-lynxos'
build_alias=''
build_cpu='powerpc'
build_os='lynxos'
build_vendor='unknown'
datadir='${datarootdir}'
datarootdir='${prefix}/share'
docdir='${datarootdir}/doc/${PACKAGE_TARNAME}'
dvidir='${docdir}'
exec_prefix='NONE'
host='powerpc-unknown-lynxos'
host_alias=''
host_cpu='powerpc'
host_os='lynxos'
host_vendor='unknown'
htmldir='${docdir}'
includedir='${prefix}/include'
infodir='${datarootdir}/info'
install_sh='/home/user/kelby/GD/gd-2.0.35/config/install-sh'
libdir='${exec_prefix}/lib'
libexecdir='${exec_prefix}/libexec'
localedir='${datarootdir}/locale'
localstatedir='${prefix}/var'
mandir='${datarootdir}/man'
mkdir_p='$(mkinstalldirs)'
oldincludedir='/usr/include'
pdfdir='${docdir}'
prefix='NONE'
program_transform_name='s,x,x,'
psdir='${docdir}'
sbindir='${exec_prefix}/sbin'
sharedstatedir='${prefix}/com'
sysconfdir='${prefix}/etc'
target='powerpc-unknown-lynxos'
target_alias=''
target_cpu='powerpc'
target_os='lynxos'
target_vendor='unknown'

## ----------- ##
## confdefs.h. ##
## ----------- ##

#define PACKAGE_NAME "GD"
#define PACKAGE_TARNAME "gd"
#define PACKAGE_VERSION "2.0.34"
#define PACKAGE_STRING "GD 2.0.34"
#define PACKAGE_BUGREPORT "http://bugs.libgd.org"
#define PACKAGE "gd"
#define VERSION "2.0.34"

configure: exit 1
